[09/19/2013 12:55 PM] - FAIL: IPN Validation Failed.
IPN POST Vars from Paypal:

IPN Response from Paypal Server:
 HTTP/1.0 302 Found
Location: https://www.sandbox.paypal.com
Server: BigIP
Connection: close
Content-Length: 0



[06/09/2015 4:32 PM] - FAIL: IPN Validation Failed.
IPN POST Vars from Paypal:

IPN Response from Paypal Server:
 HTTP/1.1 200 OK
Server: Apache
X-Frame-Options: SAMEORIGIN
Cache-Control: max-age=0, no-cache, no-store, must-revalidate
Pragma: no-cache
Cache-Control: max-age=0, no-cache, no-store, must-revalidate
Pragma: no-cache
Content-Type: text/html; charset=UTF-8
DC: slc-a-origin-www-1.paypal.com
Date: Tue, 09 Jun 2015 14:32:11 GMT
Content-Length: 7
Connection: close
Set-Cookie: cwrClyrK4LoCV1fydGbAxiNL6iG=RcV9zKALIsN0kZxwywJVIgElJ88fNyQ2qjgAZmc6f6ANOXSXaZjHO8Fhb76pDZ7H39hBhIe6qDiTkCT-aFMJi_5rUCw2eAMdEoqAldrp83juGtbB7V2B63S-Xd1P6WvR3vwqnBkWIDtlfF8vqh4_UQUQJ9GmYpW7cUu6E8jsF8Domg5E_rCBUhjDhDXxZLJ10gx9dLEtaZHuHIS9zZ2zGidM4cT_MlxCavFIawPDwb0DtJvzn4hd2iF2YMtdQFkb7_Y6BbRS8YJ5kajY7DN2yl3UwfO6cZotBKd16qAUa3BIrda8DtCLjYeYeuwuKDrYQfIgcdALju9HnMHRqgwtwKSlcg8MRkzMY-VmUsJRqWFIduJ1Gd89D9WL2O4ZxqheDU3lpsT9zqUtwGshmvT4XBDatMiq6DE7eE6wPKLjgrpyMizyklGnB30rh6u; domain=.paypal.com; path=/; Secure; HttpOnly
Set-Cookie: cookie_check=yes; expires=Fri, 06-Jun-2025 14:32:11 GMT; domain=.paypal.com; path=/; Secure; HttpOnly
Set-Cookie: navcmd=_notify-validate; domain=.paypal.com; path=/; Secure; HttpOnly
Set-Cookie: navlns=0.0; expires=Thu, 08-Jun-2017 14:32:11 GMT; domain=.paypal.com; path=/; Secure; HttpOnly
Set-Cookie: Apache=10.73.8.137.1433860331150147; path=/; expires=Thu, 01-Jun-45 14:32:11 GMT
Set-Cookie: X-PP-SILOVER=name%3DLIVE5.WEB.1%26silo_version%3D880%26app%3Dappdispatcher%26TIME%3D3958928981; domain=.paypal.com; path=/; Secure; HttpOnly
Set-Cookie: X-PP-SILOVER=; Expires=Thu, 01 Jan 1970 00:00:01 GMT
Set-Cookie: Apache=10.73.8.41.1433860331138748; path=/; expires=Thu, 01-Jun-45 14:32:11 GMT
Set-Cookie: AKDC=slc-a-origin-www-1.paypal.com; expires=Tue, 09-Jun-2015 15:02:11 GMT; path=/; secure

INVALID

[06/09/2015 4:36 PM] - FAIL: IPN Validation Failed.
IPN POST Vars from Paypal:

IPN Response from Paypal Server:
 HTTP/1.0 302 Found
Location: https://www.sandbox.paypal.com
Server: BigIP
Connection: close
Content-Length: 0



